[debug] [2022-03-27T01:26:10.738Z] ----------------------------------------------------------------------
[debug] [2022-03-27T01:26:10.740Z] Command:       /Users/imhyeonjeong/.nvm/versions/node/v14.19.0/bin/node /Users/imhyeonjeong/.nvm/versions/node/v14.19.0/bin/firebase init hosting
[debug] [2022-03-27T01:26:10.741Z] CLI Version:   10.5.0
[debug] [2022-03-27T01:26:10.741Z] Platform:      darwin
[debug] [2022-03-27T01:26:10.741Z] Node Version:  v14.19.0
[debug] [2022-03-27T01:26:10.742Z] Time:          Sun Mar 27 2022 10:26:10 GMT+0900 (대한민국 표준시)
[debug] [2022-03-27T01:26:10.742Z] ----------------------------------------------------------------------
[debug] 
[debug] [2022-03-27T01:26:10.753Z] > command requires scopes: ["email","openid","https://www.googleapis.com/auth/cloudplatformprojects.readonly","https://www.googleapis.com/auth/firebase","https://www.googleapis.com/auth/cloud-platform"]
[debug] [2022-03-27T01:26:10.753Z] > authorizing via signed-in user (fltxld1@gmail.com)
[info] 
     ######## #### ########  ######## ########     ###     ######  ########
     ##        ##  ##     ## ##       ##     ##  ##   ##  ##       ##
     ######    ##  ########  ######   ########  #########  ######  ######
     ##        ##  ##    ##  ##       ##     ## ##     ##       ## ##
     ##       #### ##     ## ######## ########  ##     ##  ######  ########

You're about to initialize a Firebase project in this directory:

  /Users/imhyeonjeong/Desktop/todo-list-react/src

[info] 
=== Project Setup
[info] 
[info] First, let's associate this project directory with a Firebase project.
[info] You can create multiple project aliases by running firebase use --add, 
[info] but for now we'll just set up a default project.
[info] 
